2025-02-04 09:20:11,918 - INFO - Conversion: 20 Celsius -> 68.0 Fahrenheit
2025-02-04 09:27:34,546 - INFO - Conversion: 60 Celsius -> 140.0 Fahrenheit
2025-02-04 09:28:53,501 - INFO - Conversion: 100 Kelvin -> -279.66999999999996 Fahrenheit
2025-02-04 10:47:34,479 - INFO - Conversion: 100.0 Celsius -> 212.0 Fahrenheit
2025-02-04 10:47:34,480 - INFO - Conversion: 100.0 Celsius -> 212.0 Fahrenheit
2025-02-04 10:49:28,190 - INFO - Conversion: 100.0 Fahrenheit -> 37.77777777777778 Celsius
2025-02-04 10:49:28,190 - INFO - Conversion: 100.0 Fahrenheit -> 37.77777777777778 Celsius
2025-02-04 10:49:43,172 - INFO - Conversion: 100.0 Kelvin -> -173.14999999999998 Celsius
2025-02-04 10:49:43,173 - INFO - Conversion: 100.0 Kelvin -> -173.14999999999998 Celsius
2025-02-04 10:49:52,332 - INFO - Conversion: 100.0 Kelvin -> -173.14999999999998 Celsius
2025-02-04 10:49:52,332 - INFO - Conversion: -173.14999999999998 Celsius -> -279.66999999999996 Fahrenheit
2025-02-04 10:49:52,332 - INFO - Conversion: 100.0 Kelvin -> -279.66999999999996 Fahrenheit
2025-02-04 10:50:17,668 - INFO - Conversion: 100.0 Fahrenheit -> 37.77777777777778 Celsius
2025-02-04 10:50:17,668 - INFO - Conversion: 37.77777777777778 Celsius -> 310.92777777777775 Kelvin
2025-02-04 10:50:17,668 - INFO - Conversion: 100.0 Fahrenheit -> 310.92777777777775 Kelvin
2025-02-04 11:11:55,377 - INFO - Conversion: 100.0 Kelvin -> -173.14999999999998 Celsius
2025-02-04 11:11:55,377 - INFO - Conversion: -173.14999999999998 Celsius -> -279.66999999999996 Fahrenheit
2025-02-04 11:11:55,377 - INFO - Conversion: 100.0 Kelvin -> -279.66999999999996 Fahrenheit
2025-02-04 11:15:15,406 - INFO - Conversion: 26 Celsius -> 78.8 Fahrenheit
2025-02-04 11:22:56,153 - INFO - Conversion: 100.0 Celsius -> 212.0 Fahrenheit
2025-02-04 11:22:56,153 - INFO - Conversion: 100.0 Celsius -> 212.0 Fahrenheit
